<?xml version="1.0" encoding="UTF-8"?>
<testsuite name="TwoSumTest" tests="10" skipped="0" failures="0" errors="0" timestamp="2024-02-10T01:01:05" hostname="kkpa-ThinkPad-E590" time="0.075">
  <properties/>
  <testcase name="[1] TwoSumTestData(nums=[20, 21, 22, 2, 16, 7, 11, 15], target=9, expected=[3, 5])" classname="TwoSumTest" time="0.032"/>
  <testcase name="[2] TwoSumTestData(nums=[-3, 4, 3, 90], target=0, expected=[0, 2])" classname="TwoSumTest" time="0.002"/>
  <testcase name="[3] TwoSumTestData(nums=[-1, -2, -3, -4, -5], target=-8, expected=[2, 4])" classname="TwoSumTest" time="0.002"/>
  <testcase name="[4] TwoSumTestData(nums=[3, 100, 1000, 2, 4], target=6, expected=[3, 4])" classname="TwoSumTest" time="0.002"/>
  <testcase name="[5] TwoSumTestData(nums=[3, 3], target=6, expected=[0, 1])" classname="TwoSumTest" time="0.001"/>
  <testcase name="[1] TwoSumTestData(nums=[20, 21, 22, 2, 16, 7, 11, 15], target=9, expected=[3, 5])" classname="TwoSumTest" time="0.001"/>
  <testcase name="[2] TwoSumTestData(nums=[-3, 4, 3, 90], target=0, expected=[0, 2])" classname="TwoSumTest" time="0.001"/>
  <testcase name="[3] TwoSumTestData(nums=[-1, -2, -3, -4, -5], target=-8, expected=[2, 4])" classname="TwoSumTest" time="0.001"/>
  <testcase name="[4] TwoSumTestData(nums=[3, 100, 1000, 2, 4], target=6, expected=[3, 4])" classname="TwoSumTest" time="0.001"/>
  <testcase name="[5] TwoSumTestData(nums=[3, 3], target=6, expected=[0, 1])" classname="TwoSumTest" time="0.001"/>
  <system-out><![CDATA[]]></system-out>
  <system-err><![CDATA[]]></system-err>
</testsuite>
