<?xml version="1.0" encoding="UTF-8"?>
<testsuite name="algorithms.sorting.InsertionSortTest" tests="2" skipped="0" failures="0" errors="0" timestamp="2024-02-10T10:21:45" hostname="kkpa-ThinkPad-E590" time="68.608">
  <properties/>
  <testcase name="sortNumbersFrom1To100K()" classname="algorithms.sorting.InsertionSortTest" time="68.605"/>
  <testcase name="sortNumbersFrom1To10()" classname="algorithms.sorting.InsertionSortTest" time="0.001"/>
  <system-out><![CDATA[]]></system-out>
  <system-err><![CDATA[]]></system-err>
</testsuite>
